<?xml version="1.0" encoding="UTF-8"?>
<!-- Generated by org.testng.reporters.JUnitXMLReporter -->
<testsuite ignored="0" hostname="sailu" failures="0" tests="4" name="Command line test" time="7.841" errors="0" timestamp="2023-05-04T20:19:17 IST">
  <testcase classname="tests.TestExample" name="validate_api" time="4.572"/>
  <testcase classname="tests.TestExample" name="create_user" time="0.685"/>
  <testcase classname="tests.TestExample" name="updateuser" time="0.383"/>
  <testcase classname="tests.TestExample" name="deleteuser" time="2.075"/>
</testsuite> <!-- Command line test -->
