<?xml version="1.0" encoding="UTF-8"?>
<testng-results ignored="0" total="4" passed="4" failed="0" skipped="0">
  <reporter-output>
  </reporter-output>
  <suite started-at="2023-05-04T20:19:09 IST" name="tests.TestExample" finished-at="2023-05-04T20:19:17 IST" duration-ms="7841">
    <groups>
    </groups>
    <test started-at="2023-05-04T20:19:09 IST" name="Command line test" finished-at="2023-05-04T20:19:17 IST" duration-ms="7841">
      <class name="tests.TestExample">
        <test-method signature="validate_api()[pri:1, instance:tests.TestExample@217ed35e]" started-at="2023-05-04T20:19:09 IST" name="validate_api" finished-at="2023-05-04T20:19:14 IST" duration-ms="4572" status="PASS">
          <reporter-output>
          </reporter-output>
        </test-method> <!-- validate_api -->
        <test-method signature="create_user()[pri:2, instance:tests.TestExample@217ed35e]" started-at="2023-05-04T20:19:14 IST" name="create_user" finished-at="2023-05-04T20:19:14 IST" duration-ms="685" status="PASS">
          <reporter-output>
          </reporter-output>
        </test-method> <!-- create_user -->
        <test-method signature="updateuser()[pri:3, instance:tests.TestExample@217ed35e]" started-at="2023-05-04T20:19:14 IST" name="updateuser" finished-at="2023-05-04T20:19:15 IST" depends-on-methods="tests.TestExample.create_user" duration-ms="383" status="PASS">
          <reporter-output>
          </reporter-output>
        </test-method> <!-- updateuser -->
        <test-method signature="deleteuser()[pri:4, instance:tests.TestExample@217ed35e]" started-at="2023-05-04T20:19:15 IST" name="deleteuser" finished-at="2023-05-04T20:19:17 IST" duration-ms="2075" status="PASS">
          <reporter-output>
          </reporter-output>
        </test-method> <!-- deleteuser -->
      </class> <!-- tests.TestExample -->
    </test> <!-- Command line test -->
  </suite> <!-- tests.TestExample -->
</testng-results>
